  Main.cpp
C:\Users\User\source\repos\S[ace Invaders\S[ace Invaders\Main.cpp(318,65): warning C4267: 'argument': conversion from 'size_t' to 'GLsizei', possible loss of data
C:\Users\User\source\repos\S[ace Invaders\S[ace Invaders\Main.cpp(318,51): warning C4267: 'argument': conversion from 'size_t' to 'GLsizei', possible loss of data
C:\Users\User\source\repos\S[ace Invaders\S[ace Invaders\Main.cpp(676,39): warning C4267: '=': conversion from 'size_t' to 'uint8_t', possible loss of data
C:\Users\User\source\repos\S[ace Invaders\S[ace Invaders\Main.cpp(716,37): warning C4267: 'argument': conversion from 'size_t' to 'GLsizei', possible loss of data
C:\Users\User\source\repos\S[ace Invaders\S[ace Invaders\Main.cpp(716,23): warning C4267: 'argument': conversion from 'size_t' to 'GLsizei', possible loss of data
C:\Users\User\source\repos\S[ace Invaders\S[ace Invaders\Main.cpp(733,36): warning C4477: 'sprintf_s' : format string '%02lu' requires an argument of type 'unsigned long', but variadic argument 1 has type 'size_t'
C:\Users\User\source\repos\S[ace Invaders\S[ace Invaders\Main.cpp(733,36): message : consider using '%zu' in the format string
C:\Users\User\source\repos\S[ace Invaders\S[ace Invaders\Main.cpp(787,33): warning C4267: 'argument': conversion from 'size_t' to 'GLsizei', possible loss of data
C:\Users\User\source\repos\S[ace Invaders\S[ace Invaders\Main.cpp(787,19): warning C4267: 'argument': conversion from 'size_t' to 'GLsizei', possible loss of data
C:\Users\User\source\repos\S[ace Invaders\S[ace Invaders\Main.cpp(940,28): warning C4244: 'initializing': conversion from 'double' to 'size_t', possible loss of data
C:\Users\User\source\repos\S[ace Invaders\S[ace Invaders\Main.cpp(943,43): warning C4244: '=': conversion from 'double' to 'size_t', possible loss of data
C:\Users\User\source\repos\S[ace Invaders\S[ace Invaders\Main.cpp(1018,47): warning C4267: '=': conversion from 'size_t' to 'uint8_t', possible loss of data
glfw3.lib(init.obj) : warning LNK4099: PDB '' was not found with 'glfw3.lib(init.obj)' or at ''; linking object as if no debug info
glfw3.lib(window.obj) : warning LNK4099: PDB '' was not found with 'glfw3.lib(window.obj)' or at ''; linking object as if no debug info
glfw3.lib(input.obj) : warning LNK4099: PDB '' was not found with 'glfw3.lib(input.obj)' or at ''; linking object as if no debug info
glfw3.lib(context.obj) : warning LNK4099: PDB '' was not found with 'glfw3.lib(context.obj)' or at ''; linking object as if no debug info
glfw3.lib(win32_init.obj) : warning LNK4099: PDB '' was not found with 'glfw3.lib(win32_init.obj)' or at ''; linking object as if no debug info
glfw3.lib(win32_monitor.obj) : warning LNK4099: PDB '' was not found with 'glfw3.lib(win32_monitor.obj)' or at ''; linking object as if no debug info
glfw3.lib(win32_time.obj) : warning LNK4099: PDB '' was not found with 'glfw3.lib(win32_time.obj)' or at ''; linking object as if no debug info
glfw3.lib(win32_thread.obj) : warning LNK4099: PDB '' was not found with 'glfw3.lib(win32_thread.obj)' or at ''; linking object as if no debug info
glfw3.lib(monitor.obj) : warning LNK4099: PDB '' was not found with 'glfw3.lib(monitor.obj)' or at ''; linking object as if no debug info
glfw3.lib(vulkan.obj) : warning LNK4099: PDB '' was not found with 'glfw3.lib(vulkan.obj)' or at ''; linking object as if no debug info
glfw3.lib(win32_window.obj) : warning LNK4099: PDB '' was not found with 'glfw3.lib(win32_window.obj)' or at ''; linking object as if no debug info
glfw3.lib(win32_joystick.obj) : warning LNK4099: PDB '' was not found with 'glfw3.lib(win32_joystick.obj)' or at ''; linking object as if no debug info
glfw3.lib(wgl_context.obj) : warning LNK4099: PDB '' was not found with 'glfw3.lib(wgl_context.obj)' or at ''; linking object as if no debug info
glfw3.lib(egl_context.obj) : warning LNK4099: PDB '' was not found with 'glfw3.lib(egl_context.obj)' or at ''; linking object as if no debug info
glfw3.lib(osmesa_context.obj) : warning LNK4099: PDB '' was not found with 'glfw3.lib(osmesa_context.obj)' or at ''; linking object as if no debug info
     Creating library C:\Users\User\source\repos\S[ace Invaders\x64\Debug\S[ace Invaders.lib and object C:\Users\User\source\repos\S[ace Invaders\x64\Debug\S[ace Invaders.exp
LINK : warning LNK4217: symbol 'glewInit' defined in 'glew.obj' is imported by 'Main.obj' in function 'main'
LINK : warning LNK4217: symbol '__glewActiveTexture' defined in 'glew.obj' is imported by 'Main.obj' in function 'main'
LINK : warning LNK4217: symbol '__glewAttachShader' defined in 'glew.obj' is imported by 'Main.obj' in function 'main'
LINK : warning LNK4217: symbol '__glewCompileShader' defined in 'glew.obj' is imported by 'Main.obj' in function 'main'
LINK : warning LNK4217: symbol '__glewCreateProgram' defined in 'glew.obj' is imported by 'Main.obj' in function 'main'
LINK : warning LNK4217: symbol '__glewCreateShader' defined in 'glew.obj' is imported by 'Main.obj' in function 'main'
LINK : warning LNK4217: symbol '__glewDeleteShader' defined in 'glew.obj' is imported by 'Main.obj' in function 'main'
LINK : warning LNK4217: symbol '__glewGetProgramInfoLog' defined in 'glew.obj' is imported by 'Main.obj' in function '"bool __cdecl validate_program(unsigned int)" (?validate_program@@YA_NI@Z)'
LINK : warning LNK4217: symbol '__glewGetShaderInfoLog' defined in 'glew.obj' is imported by 'Main.obj' in function '"void __cdecl validate_shader(unsigned int,char const *)" (?validate_shader@@YAXIPEBD@Z)'
LINK : warning LNK4217: symbol '__glewGetUniformLocation' defined in 'glew.obj' is imported by 'Main.obj' in function 'main'
LINK : warning LNK4217: symbol '__glewLinkProgram' defined in 'glew.obj' is imported by 'Main.obj' in function 'main'
LINK : warning LNK4217: symbol '__glewShaderSource' defined in 'glew.obj' is imported by 'Main.obj' in function 'main'
LINK : warning LNK4217: symbol '__glewUniform1i' defined in 'glew.obj' is imported by 'Main.obj' in function 'main'
LINK : warning LNK4217: symbol '__glewUseProgram' defined in 'glew.obj' is imported by 'Main.obj' in function 'main'
LINK : warning LNK4217: symbol '__glewBindVertexArray' defined in 'glew.obj' is imported by 'Main.obj' in function 'main'
LINK : warning LNK4217: symbol '__glewDeleteVertexArrays' defined in 'glew.obj' is imported by 'Main.obj' in function 'main'
LINK : warning LNK4217: symbol '__glewGenVertexArrays' defined in 'glew.obj' is imported by 'Main.obj' in function 'main'
  S[ace Invaders.vcxproj -> C:\Users\User\source\repos\S[ace Invaders\x64\Debug\S[ace Invaders.exe
